0 info it worked if it ends with ok
1 verbose cli [ 'C:\\Program Files\\nodejs\\node.exe',
1 verbose cli   'C:\\Program Files\\nodejs\\node_modules\\npm\\bin\\npm-cli.js',
1 verbose cli   'install',
1 verbose cli   'tictactoe.js' ]
2 info using npm@3.10.3
3 info using node@v6.6.0
4 silly loadCurrentTree Starting
5 silly install loadCurrentTree
6 silly install readLocalPackageData
7 silly fetchPackageMetaData tictactoe.js
8 silly fetchOtherPackageData tictactoe.js
9 silly cache add args [ 'tictactoe.js', null ]
10 verbose cache add spec tictactoe.js
11 silly cache add parsed spec Result {
11 silly cache add   raw: 'tictactoe.js',
11 silly cache add   scope: null,
11 silly cache add   escapedName: 'tictactoe.js',
11 silly cache add   name: null,
11 silly cache add   rawSpec: 'tictactoe.js',
11 silly cache add   spec: 'C:\\Users\\User\\WebstormProjects\\TicTacToe\\tictactoe.js',
11 silly cache add   type: 'local' }
12 silly addLocalTarball shasum (computed) a68827c173027ccb70a3c30466127c5c91126af2
13 verbose addTmpTarball C:\Users\User\WebstormProjects\TicTacToe\tictactoe.js not in flight; adding
14 verbose correctMkdir C:\Users\User\AppData\Roaming\npm-cache correctMkdir not in flight; initializing
15 verbose addTmpTarball validating metadata from C:\Users\User\WebstormProjects\TicTacToe\tictactoe.js
16 verbose tar unpack C:\Users\User\WebstormProjects\TicTacToe\tictactoe.js
17 verbose tar unpacking to C:\Users\User\AppData\Local\Temp\npm-5660-85a36618\unpack-21e04d7f
18 silly gentlyRm C:\Users\User\AppData\Local\Temp\npm-5660-85a36618\unpack-21e04d7f is being purged
19 verbose gentlyRm don't care about contents; nuking C:\Users\User\AppData\Local\Temp\npm-5660-85a36618\unpack-21e04d7f
20 silly gunzTarPerm modes [ '777', '666' ]
21 error not a package C:\Users\User\WebstormProjects\TicTacToe\tictactoe.js
22 error addLocal Could not install C:\Users\User\WebstormProjects\TicTacToe\tictactoe.js
23 silly fetchPackageMetaData Error: ENOENT: no such file or directory, open 'C:\Users\User\AppData\Local\Temp\npm-5660-85a36618\unpack-21e04d7f\package.json'
23 silly fetchPackageMetaData     at Error (native)
23 silly fetchPackageMetaData  error for tictactoe.js { Error: ENOENT: no such file or directory, open 'C:\Users\User\AppData\Local\Temp\npm-5660-85a36618\unpack-21e04d7f\package.json'
23 silly fetchPackageMetaData     at Error (native)
23 silly fetchPackageMetaData   errno: -4058,
23 silly fetchPackageMetaData   code: 'ENOENT',
23 silly fetchPackageMetaData   syscall: 'open',
23 silly fetchPackageMetaData   path: 'C:\\Users\\User\\AppData\\Local\\Temp\\npm-5660-85a36618\\unpack-21e04d7f\\package.json' }
24 silly rollbackFailedOptional Starting
25 silly rollbackFailedOptional Finishing
26 silly runTopLevelLifecycles Starting
27 silly runTopLevelLifecycles Finishing
28 silly install printInstalled
29 verbose stack Error: ENOENT: no such file or directory, open 'C:\Users\User\AppData\Local\Temp\npm-5660-85a36618\unpack-21e04d7f\package.json'
29 verbose stack     at Error (native)
30 verbose cwd C:\Users\User\WebstormProjects\TicTacToe
31 error Windows_NT 10.0.14393
32 error argv "C:\\Program Files\\nodejs\\node.exe" "C:\\Program Files\\nodejs\\node_modules\\npm\\bin\\npm-cli.js" "install" "tictactoe.js"
33 error node v6.6.0
34 error npm  v3.10.3
35 error path C:\Users\User\AppData\Local\Temp\npm-5660-85a36618\unpack-21e04d7f\package.json
36 error code ENOENT
37 error errno -4058
38 error syscall open
39 error enoent ENOENT: no such file or directory, open 'C:\Users\User\AppData\Local\Temp\npm-5660-85a36618\unpack-21e04d7f\package.json'
40 error enoent ENOENT: no such file or directory, open 'C:\Users\User\AppData\Local\Temp\npm-5660-85a36618\unpack-21e04d7f\package.json'
40 error enoent This is most likely not a problem with npm itself
40 error enoent and is related to npm not being able to find a file.
41 verbose exit [ -4058, true ]
